Determining if the pthread_create exist failed with the following output:
Change Dir: /home/ntallaris/CLionProjects/GRPC_EXAMPLE/cmake-build-debug/CMakeFiles/CMakeTmp

Run Build Command:"/usr/bin/make" "cmTC_5e1cc/fast"
make[1]: Entering directory '/home/ntallaris/CLionProjects/GRPC_EXAMPLE/cmake-build-debug/CMakeFiles/CMakeTmp'
/usr/bin/make -f CMakeFiles/cmTC_5e1cc.dir/build.make CMakeFiles/cmTC_5e1cc.dir/build
make[2]: Entering directory '/home/ntallaris/CLionProjects/GRPC_EXAMPLE/cmake-build-debug/CMakeFiles/CMakeTmp'
Building C object CMakeFiles/cmTC_5e1cc.dir/CheckSymbolExists.c.o
/usr/bin/cc    -o CMakeFiles/cmTC_5e1cc.dir/CheckSymbolExists.c.o   -c /home/ntallaris/CLionProjects/GRPC_EXAMPLE/cmake-build-debug/CMakeFiles/CMakeTmp/CheckSymbolExists.c
Linking C executable cmTC_5e1cc
/home/ntallaris/Downloads/clion-2019.1/bin/cmake/linux/bin/cmake -E cmake_link_script CMakeFiles/cmTC_5e1cc.dir/link.txt --verbose=1
/usr/bin/cc      CMakeFiles/cmTC_5e1cc.dir/CheckSymbolExists.c.o  -o cmTC_5e1cc 
CMakeFiles/cmTC_5e1cc.dir/CheckSymbolExists.c.o: In function `main':
CheckSymbolExists.c:(.text+0x1b): undefined reference to `pthread_create'
collect2: error: ld returned 1 exit status
CMakeFiles/cmTC_5e1cc.dir/build.make:86: recipe for target 'cmTC_5e1cc' failed
make[2]: *** [cmTC_5e1cc] Error 1
make[2]: Leaving directory '/home/ntallaris/CLionProjects/GRPC_EXAMPLE/cmake-build-debug/CMakeFiles/CMakeTmp'
Makefile:121: recipe for target 'cmTC_5e1cc/fast' failed
make[1]: *** [cmTC_5e1cc/fast] Error 2
make[1]: Leaving directory '/home/ntallaris/CLionProjects/GRPC_EXAMPLE/cmake-build-debug/CMakeFiles/CMakeTmp'

File /home/ntallaris/CLionProjects/GRPC_EXAMPLE/cmake-build-debug/CMakeFiles/CMakeTmp/CheckSymbolExists.c:
/* */
#include <pthread.h>

int main(int argc, char** argv)
{
  (void)argv;
#ifndef pthread_create
  return ((int*)(&pthread_create))[argc];
#else
  (void)argc;
  return 0;
#endif
}

Determining if the function pthread_create exists in the pthreads failed with the following output:
Change Dir: /home/ntallaris/CLionProjects/GRPC_EXAMPLE/cmake-build-debug/CMakeFiles/CMakeTmp

Run Build Command:"/usr/bin/make" "cmTC_3cd01/fast"
make[1]: Entering directory '/home/ntallaris/CLionProjects/GRPC_EXAMPLE/cmake-build-debug/CMakeFiles/CMakeTmp'
/usr/bin/make -f CMakeFiles/cmTC_3cd01.dir/build.make CMakeFiles/cmTC_3cd01.dir/build
make[2]: Entering directory '/home/ntallaris/CLionProjects/GRPC_EXAMPLE/cmake-build-debug/CMakeFiles/CMakeTmp'
Building C object CMakeFiles/cmTC_3cd01.dir/CheckFunctionExists.c.o
/usr/bin/cc   -DCHECK_FUNCTION_EXISTS=pthread_create   -o CMakeFiles/cmTC_3cd01.dir/CheckFunctionExists.c.o   -c /home/ntallaris/Downloads/clion-2019.1/bin/cmake/linux/share/cmake-3.13/Modules/CheckFunctionExists.c
Linking C executable cmTC_3cd01
/home/ntallaris/Downloads/clion-2019.1/bin/cmake/linux/bin/cmake -E cmake_link_script CMakeFiles/cmTC_3cd01.dir/link.txt --verbose=1
/usr/bin/cc  -DCHECK_FUNCTION_EXISTS=pthread_create    CMakeFiles/cmTC_3cd01.dir/CheckFunctionExists.c.o  -o cmTC_3cd01 -lpthreads 
/usr/bin/ld: cannot find -lpthreads
collect2: error: ld returned 1 exit status
CMakeFiles/cmTC_3cd01.dir/build.make:86: recipe for target 'cmTC_3cd01' failed
make[2]: *** [cmTC_3cd01] Error 1
make[2]: Leaving directory '/home/ntallaris/CLionProjects/GRPC_EXAMPLE/cmake-build-debug/CMakeFiles/CMakeTmp'
Makefile:121: recipe for target 'cmTC_3cd01/fast' failed
make[1]: *** [cmTC_3cd01/fast] Error 2
make[1]: Leaving directory '/home/ntallaris/CLionProjects/GRPC_EXAMPLE/cmake-build-debug/CMakeFiles/CMakeTmp'


