Determining if the pthread_create exist failed with the following output:
Change Dir: /home/ntallaris/CLionProjects/GRPC_EXAMPLE/CMakeFiles/CMakeTmp

Run Build Command:"/usr/bin/make" "cmTC_90ea7/fast"
/usr/bin/make -f CMakeFiles/cmTC_90ea7.dir/build.make CMakeFiles/cmTC_90ea7.dir/build
make[1]: Entering directory '/home/ntallaris/CLionProjects/GRPC_EXAMPLE/CMakeFiles/CMakeTmp'
Building C object CMakeFiles/cmTC_90ea7.dir/CheckSymbolExists.c.o
/usr/bin/cc    -o CMakeFiles/cmTC_90ea7.dir/CheckSymbolExists.c.o   -c /home/ntallaris/CLionProjects/GRPC_EXAMPLE/CMakeFiles/CMakeTmp/CheckSymbolExists.c
Linking C executable cmTC_90ea7
/home/ntallaris/Downloads/clion-2019.1/bin/cmake/linux/bin/cmake -E cmake_link_script CMakeFiles/cmTC_90ea7.dir/link.txt --verbose=1
/usr/bin/cc      CMakeFiles/cmTC_90ea7.dir/CheckSymbolExists.c.o  -o cmTC_90ea7 
CMakeFiles/cmTC_90ea7.dir/CheckSymbolExists.c.o: In function `main':
CheckSymbolExists.c:(.text+0x1b): undefined reference to `pthread_create'
collect2: error: ld returned 1 exit status
CMakeFiles/cmTC_90ea7.dir/build.make:86: recipe for target 'cmTC_90ea7' failed
make[1]: *** [cmTC_90ea7] Error 1
make[1]: Leaving directory '/home/ntallaris/CLionProjects/GRPC_EXAMPLE/CMakeFiles/CMakeTmp'
Makefile:121: recipe for target 'cmTC_90ea7/fast' failed
make: *** [cmTC_90ea7/fast] Error 2

File /home/ntallaris/CLionProjects/GRPC_EXAMPLE/CMakeFiles/CMakeTmp/CheckSymbolExists.c:
/* */
#include <pthread.h>

int main(int argc, char** argv)
{
  (void)argv;
#ifndef pthread_create
  return ((int*)(&pthread_create))[argc];
#else
  (void)argc;
  return 0;
#endif
}

Determining if the function pthread_create exists in the pthreads failed with the following output:
Change Dir: /home/ntallaris/CLionProjects/GRPC_EXAMPLE/CMakeFiles/CMakeTmp

Run Build Command:"/usr/bin/make" "cmTC_cac44/fast"
/usr/bin/make -f CMakeFiles/cmTC_cac44.dir/build.make CMakeFiles/cmTC_cac44.dir/build
make[1]: Entering directory '/home/ntallaris/CLionProjects/GRPC_EXAMPLE/CMakeFiles/CMakeTmp'
Building C object CMakeFiles/cmTC_cac44.dir/CheckFunctionExists.c.o
/usr/bin/cc   -DCHECK_FUNCTION_EXISTS=pthread_create   -o CMakeFiles/cmTC_cac44.dir/CheckFunctionExists.c.o   -c /home/ntallaris/Downloads/clion-2019.1/bin/cmake/linux/share/cmake-3.13/Modules/CheckFunctionExists.c
Linking C executable cmTC_cac44
/home/ntallaris/Downloads/clion-2019.1/bin/cmake/linux/bin/cmake -E cmake_link_script CMakeFiles/cmTC_cac44.dir/link.txt --verbose=1
/usr/bin/cc  -DCHECK_FUNCTION_EXISTS=pthread_create    CMakeFiles/cmTC_cac44.dir/CheckFunctionExists.c.o  -o cmTC_cac44 -lpthreads 
/usr/bin/ld: cannot find -lpthreads
collect2: error: ld returned 1 exit status
CMakeFiles/cmTC_cac44.dir/build.make:86: recipe for target 'cmTC_cac44' failed
make[1]: *** [cmTC_cac44] Error 1
make[1]: Leaving directory '/home/ntallaris/CLionProjects/GRPC_EXAMPLE/CMakeFiles/CMakeTmp'
Makefile:121: recipe for target 'cmTC_cac44/fast' failed
make: *** [cmTC_cac44/fast] Error 2


